::1 - - [10/Jun/2026 16:55:05] "GET /other/ai-mind/ HTTP/1.1" 200 -
::1 - - [10/Jun/2026 16:55:05] "GET / HTTP/1.1" 200 -
::1 - - [10/Jun/2026 16:55:05] "GET /style.css HTTP/1.1" 200 -
::1 - - [10/Jun/2026 16:55:05] "GET /other/ai-mind HTTP/1.1" 301 -
::1 - - [10/Jun/2026 16:55:05] "GET /other/app HTTP/1.1" 301 -
::1 - - [10/Jun/2026 16:55:05] "GET /other/ai-mind/ HTTP/1.1" 200 -
::1 - - [10/Jun/2026 16:55:05] "GET /other/app/ HTTP/1.1" 200 -
::1 - - [10/Jun/2026 16:55:06] "GET /other/ai-mind/data.js HTTP/1.1" 200 -
::1 - - [10/Jun/2026 16:55:06] "GET /other/x-reposts/reposts-data.js HTTP/1.1" 200 -
::1 - - [10/Jun/2026 16:55:06] "GET /other/ai-mind/styles.css HTTP/1.1" 200 -
::1 - - [10/Jun/2026 16:55:06] "GET /other/ai-mind/app.js HTTP/1.1" 200 -
::1 - - [10/Jun/2026 16:55:22] "GET /other/ai-mind/ HTTP/1.1" 200 -
::1 - - [10/Jun/2026 16:55:22] "GET /other/ai-mind/styles.css HTTP/1.1" 200 -
::1 - - [10/Jun/2026 16:55:22] "GET /other/ai-mind/data.js HTTP/1.1" 200 -
::1 - - [10/Jun/2026 16:55:22] "GET /other/x-reposts/reposts-data.js HTTP/1.1" 200 -
::1 - - [10/Jun/2026 16:55:22] "GET /other/ai-mind/app.js HTTP/1.1" 200 -
::1 - - [10/Jun/2026 16:55:23] "GET /avt.jpg HTTP/1.1" 200 -
::1 - - [10/Jun/2026 17:01:57] "GET /other/ai-mind/ HTTP/1.1" 200 -
::1 - - [10/Jun/2026 17:01:57] "GET /other/ai-mind/styles.css HTTP/1.1" 200 -
::1 - - [10/Jun/2026 17:01:57] "GET /other/x-reposts/reposts-data.js HTTP/1.1" 200 -
::1 - - [10/Jun/2026 17:01:57] "GET /other/ai-mind/data.js HTTP/1.1" 200 -
::1 - - [10/Jun/2026 17:01:57] "GET /other/ai-mind/app.js HTTP/1.1" 200 -
::1 - - [10/Jun/2026 17:03:18] "GET /other/ai-mind/ HTTP/1.1" 200 -
::1 - - [10/Jun/2026 17:03:18] "GET /other/ai-mind/styles.css HTTP/1.1" 200 -
::1 - - [10/Jun/2026 17:03:18] "GET /other/x-reposts/reposts-data.js HTTP/1.1" 200 -
::1 - - [10/Jun/2026 17:03:18] "GET /other/ai-mind/data.js HTTP/1.1" 200 -
::1 - - [10/Jun/2026 17:03:18] "GET /other/ai-mind/app.js HTTP/1.1" 200 -
::1 - - [10/Jun/2026 17:04:48] "GET /other/ai-mind/ HTTP/1.1" 200 -
::1 - - [10/Jun/2026 17:04:48] "GET /other/ai-mind/styles.css HTTP/1.1" 200 -
::1 - - [10/Jun/2026 17:04:48] "GET /other/x-reposts/reposts-data.js HTTP/1.1" 200 -
::1 - - [10/Jun/2026 17:04:48] "GET /other/ai-mind/data.js HTTP/1.1" 200 -
::1 - - [10/Jun/2026 17:04:48] "GET /other/ai-mind/app.js HTTP/1.1" 200 -
::1 - - [10/Jun/2026 17:05:19] "GET /other/ai-mind/ HTTP/1.1" 200 -
::1 - - [10/Jun/2026 17:05:19] "GET /other/x-reposts/reposts-data.js HTTP/1.1" 200 -
::1 - - [10/Jun/2026 17:05:19] "GET /other/ai-mind/styles.css HTTP/1.1" 200 -
::1 - - [10/Jun/2026 17:05:19] "GET /other/ai-mind/data.js HTTP/1.1" 200 -
::1 - - [10/Jun/2026 17:05:19] "GET /other/ai-mind/app.js HTTP/1.1" 200 -
::1 - - [10/Jun/2026 17:05:35] "GET /other/ai-mind/ HTTP/1.1" 200 -
::1 - - [10/Jun/2026 17:05:35] "GET /other/ai-mind/styles.css HTTP/1.1" 200 -
::1 - - [10/Jun/2026 17:05:35] "GET /other/ai-mind/app.js HTTP/1.1" 304 -
::1 - - [10/Jun/2026 17:05:35] "GET /other/ai-mind/data.js HTTP/1.1" 304 -
::1 - - [10/Jun/2026 17:05:35] "GET /other/x-reposts/reposts-data.js HTTP/1.1" 304 -
::1 - - [10/Jun/2026 17:28:16] "GET /other/ai-mind/ HTTP/1.1" 200 -
::1 - - [10/Jun/2026 17:28:16] "GET /other/ai-mind/styles.css HTTP/1.1" 200 -
::1 - - [10/Jun/2026 17:28:16] "GET /other/ai-mind/data.js HTTP/1.1" 200 -
::1 - - [10/Jun/2026 17:28:16] "GET /other/x-reposts/reposts-data.js HTTP/1.1" 200 -
::1 - - [10/Jun/2026 17:28:16] "GET /other/ai-mind/app.js HTTP/1.1" 200 -
::1 - - [10/Jun/2026 17:29:10] "GET /other/ai-mind/ HTTP/1.1" 200 -
::1 - - [10/Jun/2026 17:29:10] "GET /other/ai-mind/styles.css HTTP/1.1" 200 -
::1 - - [10/Jun/2026 17:29:10] "GET /other/x-reposts/reposts-data.js HTTP/1.1" 200 -
::1 - - [10/Jun/2026 17:29:10] "GET /other/ai-mind/data.js HTTP/1.1" 200 -
::1 - - [10/Jun/2026 17:29:10] "GET /other/ai-mind/app.js HTTP/1.1" 200 -
::1 - - [10/Jun/2026 17:36:35] "GET / HTTP/1.1" 200 -
::1 - - [10/Jun/2026 17:36:35] "GET /style.css HTTP/1.1" 200 -
::1 - - [10/Jun/2026 17:36:35] "GET /image/master.png HTTP/1.1" 200 -
::1 - - [10/Jun/2026 17:36:35] "GET /event-horizon.html HTTP/1.1" 200 -
::1 - - [10/Jun/2026 17:36:35] "GET /audio/space-ambient.mp3 HTTP/1.1" 200 -
::1 - - [10/Jun/2026 17:36:38] "GET /other/ai-mind HTTP/1.1" 301 -
::1 - - [10/Jun/2026 17:36:38] "GET /other/ai-mind/ HTTP/1.1" 200 -
::1 - - [10/Jun/2026 17:36:38] "GET /other/ai-mind/styles.css HTTP/1.1" 304 -
::1 - - [10/Jun/2026 17:36:38] "GET /other/ai-mind/data.js HTTP/1.1" 200 -
::1 - - [10/Jun/2026 17:36:38] "GET /other/x-reposts/reposts-data.js HTTP/1.1" 304 -
::1 - - [10/Jun/2026 17:36:38] "GET /other/ai-mind/app.js HTTP/1.1" 304 -
::1 - - [11/Jun/2026 10:53:30] "GET / HTTP/1.1" 200 -
::1 - - [11/Jun/2026 10:53:30] "GET /style.css HTTP/1.1" 200 -
::1 - - [11/Jun/2026 10:53:30] "GET /other/app HTTP/1.1" 301 -
::1 - - [11/Jun/2026 10:53:30] "GET /other/ai-mind HTTP/1.1" 301 -
::1 - - [11/Jun/2026 10:53:30] "GET /other/app/ HTTP/1.1" 200 -
::1 - - [11/Jun/2026 10:53:30] "GET /other/ai-mind/ HTTP/1.1" 200 -
::1 - - [11/Jun/2026 10:55:56] "GET / HTTP/1.1" 200 -
::1 - - [11/Jun/2026 10:55:56] "GET /style.css HTTP/1.1" 200 -
::1 - - [11/Jun/2026 10:55:56] "GET /other/app HTTP/1.1" 301 -
::1 - - [11/Jun/2026 10:55:56] "GET /other/ai-mind HTTP/1.1" 301 -
::1 - - [11/Jun/2026 10:55:56] "GET /other/app/ HTTP/1.1" 200 -
::1 - - [11/Jun/2026 10:55:56] "GET /other/ai-mind/ HTTP/1.1" 200 -
::1 - - [11/Jun/2026 11:16:40] "GET / HTTP/1.1" 200 -
::1 - - [11/Jun/2026 11:16:40] "GET /style.css HTTP/1.1" 200 -
::1 - - [11/Jun/2026 11:16:40] "GET /other/ai-mind HTTP/1.1" 301 -
::1 - - [11/Jun/2026 11:16:40] "GET /other/app HTTP/1.1" 301 -
::1 - - [11/Jun/2026 11:16:40] "GET /other/ai-mind/ HTTP/1.1" 200 -
::1 - - [11/Jun/2026 11:16:40] "GET /other/app/ HTTP/1.1" 200 -
